2019-03-06 18:51:45,557 - phone - INFO - 读取手机信息,手机型:Android
2019-03-06 18:51:45,588 - phone - INFO - 找到模拟机:127.0.0.1:62001
2019-03-06 18:51:45,589 - phone - INFO - 找到模拟机版本:6.2.7.0
2019-03-06 18:52:17,305 - BasePage - INFO - 成功找到元素
2019-03-06 18:52:17,654 - BasePage - INFO - 点击操作成功
2019-03-06 18:52:19,199 - BasePage - INFO - 成功找到元素
2019-03-06 18:52:19,866 - BasePage - INFO - 点击操作成功
2019-03-06 18:52:21,285 - BasePage - INFO - 成功找到元素
2019-03-06 18:52:24,527 - BasePage - INFO - 清除
2019-03-06 18:52:24,802 - BasePage - INFO - 成功找到元素
2019-03-06 18:52:30,597 - BasePage - INFO - 输入信息成功
2019-03-06 18:52:31,180 - BasePage - INFO - 成功找到元素
2019-03-06 18:52:35,934 - BasePage - INFO - 输入信息成功
2019-03-06 18:52:36,476 - BasePage - INFO - 成功找到元素
2019-03-06 18:52:36,821 - BasePage - INFO - 点击操作成功
2019-03-06 18:52:40,181 - BasePage - INFO - 成功找到元素
2019-03-06 18:52:43,486 - BasePage - INFO - 点击操作成功
2019-03-06 18:52:43,646 - BasePage - INFO - 成功找到元素
2019-03-06 18:52:44,400 - BasePage - INFO - 点击操作成功
2019-03-06 18:52:46,011 - BasePage - INFO - 成功找到元素
2019-03-06 18:52:47,284 - BasePage - INFO - 点击操作成功
2019-03-06 18:52:47,862 - BasePage - INFO - 成功找到元素
2019-03-06 18:52:48,139 - BasePage - INFO - 点击操作成功
2019-03-06 18:52:49,387 - BasePage - INFO - 成功找到元素
2019-03-06 18:52:50,164 - BasePage - INFO - 点击操作成功
2019-03-06 18:52:51,398 - BasePage - INFO - 成功找到元素
2019-03-06 18:53:01,216 - BasePage - INFO - 清除
2019-03-06 18:53:01,291 - BasePage - INFO - 成功找到元素
2019-03-06 18:53:06,169 - BasePage - INFO - 输入信息成功
2019-03-06 18:53:06,757 - BasePage - INFO - 成功找到元素
2019-03-06 18:53:06,795 - phone - INFO - 关闭app
