2019-03-05 17:00:38,803 - phone - INFO - 读取手机信息成功,手机型号为:Android
2019-03-05 17:00:38,803 - phone - INFO - 找到对应模拟机:127.0.0.1:62001
2019-03-05 17:00:38,803 - phone - INFO - 找到对应模拟机版本:6.2.7.1
2019-03-05 17:01:04,189 - BasePage - INFO - 成功找到元素
2019-03-05 17:01:04,457 - BasePage - INFO - 这里是成功的点击操作
2019-03-05 17:01:06,059 - BasePage - INFO - 成功找到元素
2019-03-05 17:01:06,744 - BasePage - INFO - 这里是成功的点击操作
2019-03-05 17:01:08,549 - BasePage - INFO - 成功找到元素
2019-03-05 17:01:08,935 - BasePage - INFO - 这里是成功的点击操作
2019-03-05 17:01:09,955 - BasePage - INFO - 成功找到元素
2019-03-05 17:01:14,942 - BasePage - INFO - 输入信息成功
2019-03-05 17:01:15,512 - BasePage - INFO - 成功找到元素
2019-03-05 17:01:20,419 - BasePage - INFO - 输入信息成功
2019-03-05 17:01:21,061 - BasePage - INFO - 成功找到元素
2019-03-05 17:01:25,777 - BasePage - INFO - 输入信息成功
2019-03-05 17:01:26,406 - BasePage - INFO - 成功找到元素
2019-03-05 17:01:26,760 - BasePage - INFO - 这里是成功的点击操作
2019-03-05 17:01:28,668 - BasePage - INFO - 成功找到元素
2019-03-05 17:01:28,918 - BasePage - INFO - 这里是成功的点击操作
2019-03-05 17:01:30,049 - BasePage - INFO - 成功找到元素
2019-03-05 17:01:30,728 - BasePage - INFO - 这里是成功的点击操作
2019-03-05 17:01:32,187 - BasePage - INFO - 成功找到元素
2019-03-05 17:01:33,265 - BasePage - INFO - 这里是成功的点击操作
2019-03-05 17:01:36,361 - BasePage - INFO - 成功找到元素
2019-03-05 17:01:36,594 - BasePage - INFO - 这里是成功的点击操作
2019-03-05 17:01:37,715 - BasePage - INFO - 成功找到元素
2019-03-05 17:01:38,342 - BasePage - INFO - 这里是成功的点击操作
2019-03-05 17:01:39,659 - BasePage - INFO - 成功找到元素
2019-03-05 17:01:40,240 - BasePage - INFO - 这里是成功的点击操作
2019-03-05 17:01:41,250 - BasePage - INFO - 成功找到元素
2019-03-05 17:01:46,547 - BasePage - INFO - 输入信息成功
2019-03-05 17:01:47,140 - BasePage - INFO - 成功找到元素
2019-03-05 17:01:52,001 - BasePage - INFO - 输入信息成功
2019-03-05 17:01:52,519 - BasePage - INFO - 成功找到元素
2019-03-05 17:01:57,280 - BasePage - INFO - 输入信息成功
2019-03-05 17:01:57,831 - BasePage - INFO - 成功找到元素
2019-03-05 17:01:58,171 - BasePage - INFO - 这里是成功的点击操作
2019-03-05 17:01:58,171 - phone - INFO - 现在关闭手机
