2019-03-06 19:03:42,178 - phone - INFO - 读取手机信息,手机型:Android
2019-03-06 19:03:42,188 - phone - INFO - 找到模拟机:127.0.0.1:62001
2019-03-06 19:03:42,188 - phone - INFO - 找到模拟机版本:6.2.7.0
2019-03-06 19:04:09,095 - BasePage - INFO - 成功找到元素
2019-03-06 19:04:09,867 - BasePage - INFO - 点击操作成功
2019-03-06 19:04:11,448 - BasePage - INFO - 成功找到元素
2019-03-06 19:04:12,171 - BasePage - INFO - 点击操作成功
2019-03-06 19:04:13,781 - BasePage - INFO - 成功找到元素
2019-03-06 19:04:17,216 - BasePage - INFO - 清除
2019-03-06 19:04:17,274 - BasePage - INFO - 成功找到元素
2019-03-06 19:04:22,352 - BasePage - INFO - 输入信息成功
2019-03-06 19:04:22,928 - BasePage - INFO - 成功找到元素
2019-03-06 19:04:27,948 - BasePage - INFO - 输入信息成功
2019-03-06 19:04:28,501 - BasePage - INFO - 成功找到元素
2019-03-06 19:04:28,854 - BasePage - INFO - 点击操作成功
2019-03-06 19:04:31,816 - BasePage - INFO - 成功找到元素
2019-03-06 19:04:32,261 - BasePage - INFO - 点击操作成功
2019-03-06 19:04:33,423 - BasePage - INFO - 成功找到元素
2019-03-06 19:04:34,355 - BasePage - INFO - 点击操作成功
2019-03-06 19:04:35,958 - BasePage - INFO - 成功找到元素
2019-03-06 19:04:38,262 - BasePage - INFO - 点击操作成功
2019-03-06 19:04:38,523 - BasePage - INFO - 成功找到元素
2019-03-06 19:04:41,985 - BasePage - INFO - 点击操作成功
2019-03-06 19:04:42,231 - BasePage - INFO - 成功找到元素
2019-03-06 19:04:43,744 - BasePage - INFO - 点击操作成功
2019-03-06 19:04:44,025 - BasePage - INFO - 成功找到元素
2019-03-06 19:04:47,313 - BasePage - INFO - 清除
2019-03-06 19:04:47,384 - BasePage - INFO - 成功找到元素
2019-03-06 19:04:52,054 - BasePage - INFO - 输入信息成功
2019-03-06 19:04:52,635 - BasePage - INFO - 成功找到元素
2019-03-06 19:04:57,458 - BasePage - INFO - 输入信息成功
2019-03-06 19:04:58,024 - BasePage - INFO - 成功找到元素
2019-03-06 19:04:58,448 - BasePage - INFO - 点击操作成功
2019-03-06 19:04:58,449 - phone - INFO - 关闭app
