2019-03-05 19:50:14,779 - phone - INFO - 读取手机信息,手机型:Android
2019-03-05 19:50:14,788 - phone - INFO - 找到模拟机:127.0.0.1:62001
2019-03-05 19:50:14,788 - phone - INFO - 找到模拟机版本:6.2.7.1
2019-03-05 19:50:40,799 - BasePage - INFO - 成功找到元素
2019-03-05 19:50:43,800 - BasePage - INFO - 点击操作成功
2019-03-05 19:50:43,886 - BasePage - INFO - 成功找到元素
2019-03-05 19:50:44,853 - BasePage - INFO - 点击操作成功
2019-03-05 19:50:45,459 - BasePage - INFO - 成功找到元素
2019-03-05 19:50:45,828 - BasePage - INFO - 点击操作成功
2019-03-05 19:50:46,880 - BasePage - INFO - 成功找到元素
2019-03-05 19:50:51,780 - BasePage - INFO - 输入信息成功
2019-03-05 19:50:52,379 - BasePage - INFO - 成功找到元素
2019-03-05 19:50:58,034 - BasePage - INFO - 输入信息成功
2019-03-05 19:50:58,562 - BasePage - INFO - 成功找到元素
2019-03-05 19:51:03,382 - BasePage - INFO - 输入信息成功
2019-03-05 19:51:03,910 - BasePage - INFO - 成功找到元素
2019-03-05 19:51:04,307 - BasePage - INFO - 点击操作成功
2019-03-05 19:51:06,615 - BasePage - INFO - 成功找到元素
2019-03-05 19:51:06,855 - BasePage - INFO - 点击操作成功
2019-03-05 19:51:08,026 - BasePage - INFO - 成功找到元素
2019-03-05 19:51:08,942 - BasePage - INFO - 点击操作成功
2019-03-05 19:51:10,389 - BasePage - INFO - 成功找到元素
2019-03-05 19:51:10,776 - BasePage - INFO - 点击操作成功
2019-03-05 19:51:12,268 - BasePage - INFO - 成功找到元素
2019-03-05 19:51:12,577 - BasePage - INFO - 点击操作成功
2019-03-05 19:51:13,692 - BasePage - INFO - 成功找到元素
2019-03-05 19:51:14,443 - BasePage - INFO - 点击操作成功
2019-03-05 19:51:15,684 - BasePage - INFO - 成功找到元素
2019-03-05 19:51:16,088 - BasePage - INFO - 点击操作成功
2019-03-05 19:51:17,144 - BasePage - INFO - 成功找到元素
2019-03-05 19:51:21,893 - BasePage - INFO - 输入信息成功
2019-03-05 19:51:22,476 - BasePage - INFO - 成功找到元素
2019-03-05 19:51:27,294 - BasePage - INFO - 输入信息成功
2019-03-05 19:51:27,854 - BasePage - INFO - 成功找到元素
2019-03-05 19:51:32,613 - BasePage - INFO - 输入信息成功
2019-03-05 19:51:33,268 - BasePage - INFO - 成功找到元素
2019-03-05 19:51:33,572 - BasePage - INFO - 点击操作成功
2019-03-05 19:51:33,573 - phone - INFO - 关闭手机
