2019-03-06 19:09:06,565 - phone - INFO - 读取手机信息,手机型:Android
2019-03-06 19:09:06,575 - phone - INFO - 找到模拟机:127.0.0.1:62001
2019-03-06 19:09:06,575 - phone - INFO - 找到模拟机版本:6.2.7.0
2019-03-06 19:09:32,283 - BasePage - INFO - 成功找到元素
2019-03-06 19:09:35,130 - BasePage - INFO - 点击操作成功
2019-03-06 19:09:35,299 - BasePage - INFO - 成功找到元素
2019-03-06 19:09:36,257 - BasePage - INFO - 点击操作成功
2019-03-06 19:09:37,973 - BasePage - INFO - 成功找到元素
2019-03-06 19:09:38,509 - BasePage - INFO - 点击操作成功
2019-03-06 19:09:39,536 - BasePage - INFO - 成功找到元素
2019-03-06 19:09:44,451 - BasePage - INFO - 输入信息成功
2019-03-06 19:09:44,995 - BasePage - INFO - 成功找到元素
2019-03-06 19:09:49,875 - BasePage - INFO - 输入信息成功
2019-03-06 19:09:50,431 - BasePage - INFO - 成功找到元素
2019-03-06 19:09:55,268 - BasePage - INFO - 输入信息成功
2019-03-06 19:09:55,803 - BasePage - INFO - 成功找到元素
2019-03-06 19:09:56,121 - BasePage - INFO - 点击操作成功
2019-03-06 19:09:58,861 - BasePage - INFO - 成功找到元素
2019-03-06 19:10:01,661 - BasePage - INFO - 点击操作成功
2019-03-06 19:10:01,872 - BasePage - INFO - 成功找到元素
2019-03-06 19:10:02,528 - BasePage - INFO - 点击操作成功
2019-03-06 19:10:04,037 - BasePage - INFO - 成功找到元素
2019-03-06 19:10:04,559 - BasePage - INFO - 点击操作成功
2019-03-06 19:10:06,040 - BasePage - INFO - 成功找到元素
2019-03-06 19:10:06,393 - BasePage - INFO - 点击操作成功
2019-03-06 19:10:07,514 - BasePage - INFO - 成功找到元素
2019-03-06 19:10:08,437 - BasePage - INFO - 点击操作成功
2019-03-06 19:10:09,747 - BasePage - INFO - 成功找到元素
2019-03-06 19:10:10,225 - BasePage - INFO - 点击操作成功
2019-03-06 19:10:11,264 - BasePage - INFO - 成功找到元素
2019-03-06 19:10:16,118 - BasePage - INFO - 输入信息成功
2019-03-06 19:10:16,680 - BasePage - INFO - 成功找到元素
2019-03-06 19:10:21,672 - BasePage - INFO - 输入信息成功
2019-03-06 19:10:22,234 - BasePage - INFO - 成功找到元素
2019-03-06 19:10:27,100 - BasePage - INFO - 输入信息成功
2019-03-06 19:10:27,665 - BasePage - INFO - 成功找到元素
2019-03-06 19:10:28,119 - BasePage - INFO - 点击操作成功
2019-03-06 19:10:28,121 - phone - INFO - 关闭app
2019-03-06 19:10:30,236 - phone - INFO - 读取手机信息,手机型:Android
2019-03-06 19:10:30,236 - phone - INFO - 找到模拟机:127.0.0.1:62001
2019-03-06 19:10:30,236 - phone - INFO - 找到模拟机版本:6.2.7.0
2019-03-06 19:10:59,099 - BasePage - INFO - 成功找到元素
2019-03-06 19:11:01,654 - BasePage - INFO - 点击操作成功
2019-03-06 19:11:01,790 - BasePage - INFO - 成功找到元素
2019-03-06 19:11:02,502 - BasePage - INFO - 点击操作成功
2019-03-06 19:11:03,986 - BasePage - INFO - 成功找到元素
2019-03-06 19:11:07,212 - BasePage - INFO - 清除
2019-03-06 19:11:07,313 - BasePage - INFO - 成功找到元素
2019-03-06 19:11:11,808 - BasePage - INFO - 输入信息成功
2019-03-06 19:11:12,343 - BasePage - INFO - 成功找到元素
2019-03-06 19:11:17,770 - BasePage - INFO - 输入信息成功
2019-03-06 19:11:18,326 - BasePage - INFO - 成功找到元素
2019-03-06 19:11:18,661 - BasePage - INFO - 点击操作成功
2019-03-06 19:11:21,323 - BasePage - INFO - 成功找到元素
2019-03-06 19:11:24,120 - BasePage - INFO - 点击操作成功
2019-03-06 19:11:24,327 - BasePage - INFO - 成功找到元素
2019-03-06 19:11:25,041 - BasePage - INFO - 点击操作成功
2019-03-06 19:11:26,758 - BasePage - INFO - 成功找到元素
2019-03-06 19:11:27,371 - BasePage - INFO - 点击操作成功
2019-03-06 19:11:28,886 - BasePage - INFO - 成功找到元素
2019-03-06 19:11:29,159 - BasePage - INFO - 点击操作成功
2019-03-06 19:11:30,363 - BasePage - INFO - 成功找到元素
2019-03-06 19:11:31,268 - BasePage - INFO - 点击操作成功
2019-03-06 19:11:32,742 - BasePage - INFO - 成功找到元素
2019-03-06 19:11:36,168 - BasePage - INFO - 清除
2019-03-06 19:11:36,223 - BasePage - INFO - 成功找到元素
2019-03-06 19:11:41,161 - BasePage - INFO - 输入信息成功
2019-03-06 19:11:41,729 - BasePage - INFO - 成功找到元素
2019-03-06 19:11:46,642 - BasePage - INFO - 输入信息成功
2019-03-06 19:11:47,216 - BasePage - INFO - 成功找到元素
2019-03-06 19:11:47,553 - BasePage - INFO - 点击操作成功
2019-03-06 19:11:47,554 - phone - INFO - 关闭app
2019-03-06 19:11:49,812 - phone - INFO - 读取手机信息,手机型:Android
2019-03-06 19:11:49,812 - phone - INFO - 找到模拟机:127.0.0.1:62001
2019-03-06 19:11:49,812 - phone - INFO - 找到模拟机版本:6.2.7.0
2019-03-06 19:12:24,196 - BasePage - INFO - 成功找到元素
2019-03-06 19:12:24,525 - BasePage - INFO - 点击操作成功
2019-03-06 19:12:26,122 - BasePage - INFO - 成功找到元素
2019-03-06 19:12:26,815 - BasePage - INFO - 点击操作成功
2019-03-06 19:12:28,345 - BasePage - INFO - 成功找到元素
2019-03-06 19:12:31,866 - BasePage - INFO - 清除
2019-03-06 19:12:32,019 - BasePage - INFO - 成功找到元素
2019-03-06 19:12:37,071 - BasePage - INFO - 输入信息成功
2019-03-06 19:12:37,595 - BasePage - INFO - 成功找到元素
2019-03-06 19:12:42,596 - BasePage - INFO - 输入信息成功
2019-03-06 19:12:43,152 - BasePage - INFO - 成功找到元素
2019-03-06 19:12:43,512 - BasePage - INFO - 点击操作成功
2019-03-06 19:12:45,724 - BasePage - INFO - 成功找到元素
2019-03-06 19:12:49,313 - BasePage - INFO - 点击操作成功
2019-03-06 19:12:49,556 - BasePage - INFO - 成功找到元素
2019-03-06 19:12:52,477 - BasePage - INFO - 点击操作成功
2019-03-06 19:12:52,551 - BasePage - INFO - 成功找到元素
2019-03-06 19:12:53,040 - BasePage - INFO - 点击操作成功
2019-03-06 19:12:54,050 - BasePage - INFO - 成功找到元素
2019-03-06 19:12:58,864 - BasePage - INFO - 输入信息成功
2019-03-06 19:12:59,605 - BasePage - INFO - 成功找到元素
2019-03-06 19:13:02,777 - BasePage - INFO - 点击操作成功
2019-03-06 19:13:02,952 - BasePage - INFO - 成功找到元素
2019-03-06 19:13:03,427 - BasePage - INFO - 点击操作成功
2019-03-06 19:13:03,427 - phone - INFO - 关闭app
2019-03-06 19:13:05,111 - phone - INFO - 读取手机信息,手机型:Android
2019-03-06 19:13:05,111 - phone - INFO - 找到模拟机:127.0.0.1:62001
2019-03-06 19:13:05,112 - phone - INFO - 找到模拟机版本:6.2.7.0
2019-03-06 19:13:36,265 - BasePage - INFO - 成功找到元素
2019-03-06 19:13:38,030 - BasePage - INFO - 点击操作成功
2019-03-06 19:13:38,537 - BasePage - INFO - 成功找到元素
2019-03-06 19:13:43,053 - BasePage - INFO - 输入信息成功
2019-03-06 19:13:43,756 - BasePage - INFO - 成功找到元素
2019-03-06 19:13:44,236 - BasePage - INFO - 点击操作成功
2019-03-06 19:13:51,035 - BasePage - INFO - 成功找到元素
2019-03-06 19:13:51,381 - BasePage - INFO - 点击操作成功
2019-03-06 19:14:01,501 - phone - INFO - 关闭app
2019-03-06 19:14:03,640 - phone - INFO - 读取手机信息,手机型:Android
2019-03-06 19:14:03,640 - phone - INFO - 找到模拟机:127.0.0.1:62001
2019-03-06 19:14:03,640 - phone - INFO - 找到模拟机版本:6.2.7.0
2019-03-06 19:14:31,746 - BasePage - INFO - 成功找到元素
2019-03-06 19:14:32,167 - BasePage - INFO - 点击操作成功
2019-03-06 19:14:33,881 - BasePage - INFO - 成功找到元素
2019-03-06 19:14:39,288 - BasePage - INFO - 输入信息成功
2019-03-06 19:14:40,878 - BasePage - INFO - 成功找到元素
2019-03-06 19:14:40,936 - BasePage - INFO - 获取内容成功
2019-03-06 19:14:43,028 - phone - INFO - 关闭app
2019-03-06 19:14:44,711 - phone - INFO - 读取手机信息,手机型:Android
2019-03-06 19:14:44,711 - phone - INFO - 找到模拟机:127.0.0.1:62001
2019-03-06 19:14:44,711 - phone - INFO - 找到模拟机版本:6.2.7.0
2019-03-06 19:15:22,919 - BasePage - INFO - 成功找到元素
2019-03-06 19:15:25,521 - BasePage - INFO - 长按
2019-03-06 19:15:25,670 - BasePage - INFO - 成功找到元素
2019-03-06 19:15:26,368 - BasePage - INFO - 点击操作成功
2019-03-06 19:15:28,296 - BasePage - INFO - Had take screenshot and save to folder：/screenshots
2019-03-06 19:15:28,297 - BasePage - INFO - 截图成功。
2019-03-06 19:15:28,441 - BasePage - INFO - 成功找到元素
2019-03-06 19:15:30,314 - BasePage - INFO - 向下拖拽成功
2019-03-06 19:15:30,315 - phone - INFO - 关闭app
2019-03-06 19:15:32,104 - phone - INFO - 读取手机信息,手机型:Android
2019-03-06 19:15:32,105 - phone - INFO - 找到模拟机:127.0.0.1:62001
2019-03-06 19:15:32,105 - phone - INFO - 找到模拟机版本:6.2.7.0
2019-03-06 19:15:59,795 - BasePage - INFO - 成功找到元素
2019-03-06 19:16:02,234 - BasePage - INFO - 长按
2019-03-06 19:16:02,483 - BasePage - INFO - 成功找到元素
2019-03-06 19:16:03,958 - BasePage - INFO - 点击操作成功
2019-03-06 19:16:05,741 - BasePage - INFO - 成功找到元素
2019-03-06 19:16:06,090 - BasePage - INFO - 点击操作成功
2019-03-06 19:16:07,850 - BasePage - INFO - 成功找到元素
2019-03-06 19:16:08,259 - BasePage - INFO - 点击操作成功
2019-03-06 19:16:09,972 - BasePage - INFO - 成功找到元素
2019-03-06 19:16:10,880 - BasePage - INFO - 向左拖拽成功
2019-03-06 19:16:11,081 - BasePage - INFO - 成功找到元素
2019-03-06 19:16:11,586 - BasePage - INFO - 点击操作成功
2019-03-06 19:16:13,286 - BasePage - INFO - 成功找到元素
2019-03-06 19:16:13,719 - BasePage - INFO - 点击操作成功
2019-03-06 19:16:13,720 - phone - INFO - 关闭app
2019-03-06 19:16:15,607 - phone - INFO - 读取手机信息,手机型:Android
2019-03-06 19:16:15,607 - phone - INFO - 找到模拟机:127.0.0.1:62001
2019-03-06 19:16:15,608 - phone - INFO - 找到模拟机版本:6.2.7.0
2019-03-06 19:16:45,310 - BasePage - INFO - 成功找到元素
2019-03-06 19:16:48,034 - BasePage - INFO - 长按
2019-03-06 19:16:48,215 - BasePage - INFO - 成功找到元素
2019-03-06 19:16:50,102 - BasePage - INFO - 点击操作成功
2019-03-06 19:16:50,340 - BasePage - INFO - 成功找到元素
2019-03-06 19:16:53,325 - BasePage - INFO - 点击操作成功
2019-03-06 19:16:53,802 - BasePage - INFO - 成功找到元素
2019-03-06 19:16:54,313 - BasePage - INFO - 点击操作成功
2019-03-06 19:16:56,755 - BasePage - INFO - 成功找到元素
2019-03-06 19:16:57,194 - BasePage - INFO - 点击操作成功
2019-03-06 19:16:58,284 - BasePage - INFO - 成功找到元素
2019-03-06 19:16:58,998 - BasePage - INFO - 点击操作成功
2019-03-06 19:16:59,611 - BasePage - INFO - 成功找到元素
2019-03-06 19:17:00,117 - BasePage - INFO - 点击操作成功
2019-03-06 19:17:02,113 - BasePage - INFO - 成功找到元素
2019-03-06 19:17:02,405 - BasePage - INFO - 点击操作成功
2019-03-06 19:17:03,937 - BasePage - INFO - 成功找到元素
2019-03-06 19:17:04,647 - BasePage - INFO - 点击操作成功
2019-03-06 19:17:06,204 - BasePage - INFO - 成功找到元素
2019-03-06 19:17:06,796 - BasePage - INFO - 点击操作成功
2019-03-06 19:17:06,797 - phone - INFO - 关闭app
