2019-03-06 10:03:24,012 - phone - INFO - 读取手机信息,手机型:Android
2019-03-06 10:03:24,041 - phone - INFO - 找到模拟机:127.0.0.1:62001
2019-03-06 10:03:24,041 - phone - INFO - 找到模拟机版本:6.2.7.0
2019-03-06 10:03:49,796 - BasePage - INFO - 成功找到元素
2019-03-06 10:03:50,512 - BasePage - INFO - 点击操作成功
2019-03-06 10:03:52,079 - BasePage - INFO - 成功找到元素
2019-03-06 10:03:52,761 - BasePage - INFO - 点击操作成功
2019-03-06 10:03:54,139 - BasePage - INFO - 成功找到元素
2019-03-06 10:03:54,550 - BasePage - INFO - 点击操作成功
2019-03-06 10:03:55,682 - BasePage - INFO - 成功找到元素
2019-03-06 10:04:00,474 - BasePage - INFO - 输入信息成功
2019-03-06 10:04:01,137 - BasePage - INFO - 成功找到元素
2019-03-06 10:04:06,100 - BasePage - INFO - 输入信息成功
2019-03-06 10:04:06,743 - BasePage - INFO - 成功找到元素
2019-03-06 10:04:11,671 - BasePage - INFO - 输入信息成功
2019-03-06 10:04:12,228 - BasePage - INFO - 成功找到元素
2019-03-06 10:04:12,574 - BasePage - INFO - 点击操作成功
2019-03-06 10:04:14,604 - BasePage - INFO - 成功找到元素
2019-03-06 10:04:14,941 - BasePage - INFO - 点击操作成功
2019-03-06 10:04:16,111 - BasePage - INFO - 成功找到元素
2019-03-06 10:04:16,846 - BasePage - INFO - 点击操作成功
2019-03-06 10:04:18,354 - BasePage - INFO - 成功找到元素
2019-03-06 10:04:18,845 - BasePage - INFO - 点击操作成功
2019-03-06 10:04:20,236 - BasePage - INFO - 成功找到元素
2019-03-06 10:04:20,534 - BasePage - INFO - 点击操作成功
2019-03-06 10:04:21,905 - BasePage - INFO - 成功找到元素
2019-03-06 10:04:22,661 - BasePage - INFO - 点击操作成功
2019-03-06 10:04:23,955 - BasePage - INFO - 成功找到元素
2019-03-06 10:04:24,557 - BasePage - INFO - 点击操作成功
2019-03-06 10:04:25,576 - BasePage - INFO - 成功找到元素
2019-03-06 10:04:30,446 - BasePage - INFO - 输入信息成功
2019-03-06 10:04:31,038 - BasePage - INFO - 成功找到元素
2019-03-06 10:04:36,052 - BasePage - INFO - 输入信息成功
2019-03-06 10:04:36,605 - BasePage - INFO - 成功找到元素
2019-03-06 10:04:41,433 - BasePage - INFO - 输入信息成功
2019-03-06 10:04:42,088 - BasePage - INFO - 成功找到元素
2019-03-06 10:04:42,392 - BasePage - INFO - 点击操作成功
2019-03-06 10:04:42,394 - phone - INFO - 关闭手机
2019-03-06 10:04:44,052 - phone - INFO - 读取手机信息,手机型:Android
2019-03-06 10:04:44,053 - phone - INFO - 找到模拟机:127.0.0.1:62001
2019-03-06 10:04:44,053 - phone - INFO - 找到模拟机版本:6.2.7.0
2019-03-06 10:05:09,488 - BasePage - INFO - 成功找到元素
2019-03-06 10:05:12,620 - BasePage - INFO - 点击操作成功
2019-03-06 10:05:12,766 - BasePage - INFO - 成功找到元素
2019-03-06 10:05:13,465 - BasePage - INFO - 点击操作成功
2019-03-06 10:05:15,085 - BasePage - INFO - 成功找到元素
2019-03-06 10:05:18,454 - BasePage - INFO - 清除
2019-03-06 10:05:18,541 - BasePage - INFO - 成功找到元素
2019-03-06 10:05:23,797 - BasePage - INFO - 输入信息成功
2019-03-06 10:05:24,430 - BasePage - INFO - 成功找到元素
2019-03-06 10:05:29,311 - BasePage - INFO - 输入信息成功
2019-03-06 10:05:29,882 - BasePage - INFO - 成功找到元素
2019-03-06 10:05:30,236 - BasePage - INFO - 点击操作成功
2019-03-06 10:05:33,388 - BasePage - INFO - 成功找到元素
2019-03-06 10:05:34,342 - BasePage - INFO - 点击操作成功
2019-03-06 10:05:34,739 - BasePage - INFO - 成功找到元素
2019-03-06 10:05:35,419 - BasePage - INFO - 点击操作成功
2019-03-06 10:05:36,917 - BasePage - INFO - 成功找到元素
2019-03-06 10:05:37,499 - BasePage - INFO - 点击操作成功
2019-03-06 10:05:38,906 - BasePage - INFO - 成功找到元素
2019-03-06 10:05:39,247 - BasePage - INFO - 点击操作成功
2019-03-06 10:05:40,605 - BasePage - INFO - 成功找到元素
2019-03-06 10:05:41,382 - BasePage - INFO - 点击操作成功
2019-03-06 10:05:42,655 - BasePage - INFO - 成功找到元素
2019-03-06 10:05:52,596 - BasePage - INFO - 清除
2019-03-06 10:05:52,685 - BasePage - INFO - 成功找到元素
2019-03-06 10:05:57,863 - BasePage - INFO - 输入信息成功
2019-03-06 10:05:58,503 - BasePage - INFO - 成功找到元素
2019-03-06 10:06:03,974 - BasePage - INFO - 输入信息成功
2019-03-06 10:06:04,518 - BasePage - INFO - 成功找到元素
2019-03-06 10:06:04,932 - BasePage - INFO - 点击操作成功
2019-03-06 10:06:04,932 - phone - INFO - 关闭手机
2019-03-06 10:06:06,703 - phone - INFO - 读取手机信息,手机型:Android
2019-03-06 10:06:06,704 - phone - INFO - 找到模拟机:127.0.0.1:62001
2019-03-06 10:06:06,704 - phone - INFO - 找到模拟机版本:6.2.7.0
2019-03-06 10:06:41,581 - BasePage - INFO - 成功找到元素
2019-03-06 10:06:44,830 - BasePage - INFO - 点击操作成功
2019-03-06 10:06:44,961 - BasePage - INFO - 成功找到元素
2019-03-06 10:06:46,404 - BasePage - INFO - 点击操作成功
2019-03-06 10:06:56,459 - phone - INFO - 关闭手机
2019-03-06 10:06:58,195 - phone - INFO - 读取手机信息,手机型:Android
2019-03-06 10:06:58,196 - phone - INFO - 找到模拟机:127.0.0.1:62001
2019-03-06 10:06:58,196 - phone - INFO - 找到模拟机版本:6.2.7.0
2019-03-06 10:07:25,589 - BasePage - INFO - 成功找到元素
2019-03-06 10:07:28,535 - BasePage - INFO - 点击操作成功
2019-03-06 10:07:28,619 - BasePage - INFO - 成功找到元素
2019-03-06 10:07:34,380 - BasePage - INFO - 输入信息成功
2019-03-06 10:07:34,967 - BasePage - INFO - 成功找到元素
2019-03-06 10:07:35,574 - BasePage - INFO - 点击操作成功
2019-03-06 10:07:37,039 - BasePage - INFO - 成功找到元素
2019-03-06 10:07:37,325 - BasePage - INFO - 点击操作成功
2019-03-06 10:07:38,935 - BasePage - INFO - 成功找到元素
2019-03-06 10:07:39,249 - BasePage - INFO - 点击操作成功
2019-03-06 10:07:40,938 - BasePage - INFO - 成功找到元素
2019-03-06 10:07:45,378 - BasePage - INFO - 输入信息成功
2019-03-06 10:07:46,089 - BasePage - INFO - 成功找到元素
2019-03-06 10:07:46,676 - BasePage - INFO - 点击操作成功
2019-03-06 10:07:46,677 - phone - INFO - 关闭手机
2019-03-06 10:07:48,340 - phone - INFO - 读取手机信息,手机型:Android
2019-03-06 10:07:48,340 - phone - INFO - 找到模拟机:127.0.0.1:62001
2019-03-06 10:07:48,341 - phone - INFO - 找到模拟机版本:6.2.7.0
2019-03-06 10:08:16,259 - BasePage - INFO - 成功找到元素
2019-03-06 10:08:18,986 - BasePage - INFO - 点击操作成功
2019-03-06 10:08:19,181 - BasePage - INFO - 成功找到元素
2019-03-06 10:08:24,254 - BasePage - INFO - 输入信息成功
2019-03-06 10:08:24,810 - phone - INFO - 关闭手机
2019-03-06 10:08:26,470 - phone - INFO - 读取手机信息,手机型:Android
2019-03-06 10:08:26,471 - phone - INFO - 找到模拟机:127.0.0.1:62001
2019-03-06 10:08:26,471 - phone - INFO - 找到模拟机版本:6.2.7.0
2019-03-06 10:09:03,411 - BasePage - INFO - 成功找到元素
2019-03-06 10:09:05,898 - BasePage - INFO - 长按
2019-03-06 10:09:06,130 - BasePage - INFO - 成功找到元素
2019-03-06 10:09:06,979 - BasePage - INFO - 点击操作成功
2019-03-06 10:09:07,570 - BasePage - INFO - 成功找到元素
2019-03-06 10:09:09,577 - BasePage - INFO - 向下拖拽成功
2019-03-06 10:09:09,577 - phone - INFO - 关闭手机
2019-03-06 10:09:11,932 - phone - INFO - 读取手机信息,手机型:Android
2019-03-06 10:09:11,933 - phone - INFO - 找到模拟机:127.0.0.1:62001
2019-03-06 10:09:11,933 - phone - INFO - 找到模拟机版本:6.2.7.0
2019-03-06 10:09:41,111 - BasePage - INFO - 成功找到元素
2019-03-06 10:09:43,551 - BasePage - INFO - 长按
2019-03-06 10:09:43,818 - BasePage - INFO - 成功找到元素
2019-03-06 10:09:44,271 - BasePage - INFO - 点击操作成功
2019-03-06 10:09:46,074 - BasePage - INFO - 成功找到元素
2019-03-06 10:09:46,544 - BasePage - INFO - 点击操作成功
2019-03-06 10:09:48,322 - BasePage - INFO - 成功找到元素
2019-03-06 10:09:48,658 - BasePage - INFO - 点击操作成功
2019-03-06 10:09:50,523 - BasePage - INFO - 成功找到元素
2019-03-06 10:09:51,385 - BasePage - INFO - 向左拖拽成功
2019-03-06 10:09:51,589 - BasePage - INFO - 成功找到元素
2019-03-06 10:09:52,056 - BasePage - INFO - 点击操作成功
2019-03-06 10:09:53,516 - BasePage - INFO - 成功找到元素
2019-03-06 10:09:55,022 - BasePage - INFO - 点击操作成功
2019-03-06 10:09:55,022 - phone - INFO - 关闭手机
2019-03-06 10:09:57,321 - phone - INFO - 读取手机信息,手机型:Android
2019-03-06 10:09:57,322 - phone - INFO - 找到模拟机:127.0.0.1:62001
2019-03-06 10:09:57,322 - phone - INFO - 找到模拟机版本:6.2.7.0
2019-03-06 10:10:25,329 - BasePage - INFO - 成功找到元素
2019-03-06 10:10:27,635 - BasePage - INFO - 长按
2019-03-06 10:10:27,933 - BasePage - INFO - 成功找到元素
2019-03-06 10:10:29,094 - BasePage - INFO - 点击操作成功
2019-03-06 10:10:29,292 - BasePage - INFO - 成功找到元素
2019-03-06 10:10:30,773 - BasePage - INFO - 点击操作成功
2019-03-06 10:10:31,192 - BasePage - INFO - 成功找到元素
2019-03-06 10:10:31,902 - BasePage - INFO - 点击操作成功
2019-03-06 10:10:33,496 - BasePage - INFO - 成功找到元素
2019-03-06 10:10:34,563 - BasePage - INFO - 点击操作成功
2019-03-06 10:10:35,655 - BasePage - INFO - 成功找到元素
2019-03-06 10:10:36,064 - BasePage - INFO - 点击操作成功
2019-03-06 10:10:36,756 - BasePage - INFO - 成功找到元素
2019-03-06 10:10:37,386 - BasePage - INFO - 点击操作成功
2019-03-06 10:10:37,386 - phone - INFO - 关闭手机
