2019-03-06 18:06:18,632 - phone - INFO - 读取手机信息,手机型:Android
2019-03-06 18:06:18,633 - phone - INFO - 找到模拟机:127.0.0.1:62001
2019-03-06 18:06:18,633 - phone - INFO - 找到模拟机版本:6.2.7.0
2019-03-06 18:06:46,240 - BasePage - INFO - 成功找到元素
2019-03-06 18:06:49,498 - BasePage - INFO - 点击操作成功
2019-03-06 18:06:49,610 - BasePage - INFO - 成功找到元素
2019-03-06 18:06:50,325 - BasePage - INFO - 点击操作成功
2019-03-06 18:06:51,627 - BasePage - INFO - 成功找到元素
2019-03-06 18:06:54,867 - BasePage - INFO - 清除
2019-03-06 18:06:55,043 - BasePage - INFO - 成功找到元素
2019-03-06 18:07:00,618 - BasePage - INFO - 输入信息成功
2019-03-06 18:07:01,207 - BasePage - INFO - 成功找到元素
2019-03-06 18:07:06,122 - BasePage - INFO - 输入信息成功
2019-03-06 18:07:06,677 - BasePage - INFO - 成功找到元素
2019-03-06 18:07:06,990 - BasePage - INFO - 点击操作成功
2019-03-06 18:07:09,722 - BasePage - INFO - 成功找到元素
2019-03-06 18:07:11,622 - BasePage - INFO - 点击操作成功
2019-03-06 18:07:11,994 - BasePage - INFO - 成功找到元素
2019-03-06 18:07:14,710 - BasePage - INFO - 点击操作成功
2019-03-06 18:07:14,805 - BasePage - INFO - 成功找到元素
2019-03-06 18:07:16,382 - BasePage - INFO - 点击操作成功
2019-03-06 18:07:16,383 - phone - INFO - 关闭app
