2019-03-07 10:56:21,057 - phone - INFO - 读取手机信息,手机型:Android
2019-03-07 10:56:21,083 - phone - INFO - 找到模拟机:127.0.0.1:62001
2019-03-07 10:56:21,083 - phone - INFO - 找到模拟机版本:6.2.7.0
2019-03-07 10:56:43,123 - BasePage - INFO - 成功找到元素
2019-03-07 10:56:43,403 - BasePage - INFO - 点击操作成功
2019-03-07 10:56:44,994 - BasePage - INFO - 成功找到元素
2019-03-07 10:56:45,628 - BasePage - INFO - 点击操作成功
2019-03-07 10:56:46,878 - BasePage - INFO - 成功找到元素
2019-03-07 10:56:47,214 - BasePage - INFO - 点击操作成功
2019-03-07 10:56:48,262 - BasePage - INFO - 成功找到元素
2019-03-07 10:56:53,009 - BasePage - INFO - 输入信息成功
2019-03-07 10:56:53,577 - BasePage - INFO - 成功找到元素
2019-03-07 10:56:58,439 - BasePage - INFO - 输入信息成功
2019-03-07 10:56:59,001 - BasePage - INFO - 成功找到元素
2019-03-07 10:57:03,721 - BasePage - INFO - 输入信息成功
2019-03-07 10:57:04,264 - BasePage - INFO - 成功找到元素
2019-03-07 10:57:04,569 - BasePage - INFO - 点击操作成功
2019-03-07 10:57:14,916 - phone - INFO - 关闭app
2019-03-07 10:57:16,130 - phone - INFO - 读取手机信息,手机型:Android
2019-03-07 10:57:16,131 - phone - INFO - 找到模拟机:127.0.0.1:62001
2019-03-07 10:57:16,131 - phone - INFO - 找到模拟机版本:6.2.7.0
2019-03-07 10:57:37,380 - BasePage - INFO - 成功找到元素
2019-03-07 10:57:38,126 - BasePage - INFO - 点击操作成功
2019-03-07 10:57:39,665 - BasePage - INFO - 成功找到元素
2019-03-07 10:57:40,292 - BasePage - INFO - 点击操作成功
2019-03-07 10:57:41,529 - BasePage - INFO - 成功找到元素
2019-03-07 10:57:44,880 - BasePage - INFO - 清除
2019-03-07 10:57:44,975 - BasePage - INFO - 成功找到元素
2019-03-07 10:57:49,920 - BasePage - INFO - 输入信息成功
2019-03-07 10:57:50,502 - BasePage - INFO - 成功找到元素
2019-03-07 10:57:55,340 - BasePage - INFO - 输入信息成功
2019-03-07 10:57:55,978 - BasePage - INFO - 成功找到元素
2019-03-07 10:57:56,296 - BasePage - INFO - 点击操作成功
2019-03-07 10:58:06,314 - phone - INFO - 关闭app
2019-03-07 10:58:08,225 - phone - INFO - 读取手机信息,手机型:Android
2019-03-07 10:58:08,228 - phone - INFO - 找到模拟机:127.0.0.1:62001
2019-03-07 10:58:08,230 - phone - INFO - 找到模拟机版本:6.2.7.0
2019-03-07 10:58:29,498 - BasePage - INFO - 成功找到元素
2019-03-07 10:58:29,744 - BasePage - INFO - 点击操作成功
2019-03-07 10:58:31,363 - BasePage - INFO - 成功找到元素
2019-03-07 10:58:31,998 - BasePage - INFO - 点击操作成功
2019-03-07 10:58:33,278 - BasePage - INFO - 成功找到元素
2019-03-07 10:58:36,467 - BasePage - INFO - 清除
2019-03-07 10:58:36,535 - BasePage - INFO - 成功找到元素
2019-03-07 10:58:41,342 - BasePage - INFO - 输入信息成功
2019-03-07 10:58:41,897 - BasePage - INFO - 成功找到元素
2019-03-07 10:58:46,610 - BasePage - INFO - 输入信息成功
2019-03-07 10:58:47,159 - BasePage - INFO - 成功找到元素
2019-03-07 10:58:47,483 - BasePage - INFO - 点击操作成功
2019-03-07 10:58:57,981 - phone - INFO - 关闭app
2019-03-07 10:58:59,220 - phone - INFO - 读取手机信息,手机型:Android
2019-03-07 10:58:59,221 - phone - INFO - 找到模拟机:127.0.0.1:62001
2019-03-07 10:58:59,223 - phone - INFO - 找到模拟机版本:6.2.7.0
2019-03-07 10:59:22,565 - BasePage - INFO - 成功找到元素
2019-03-07 10:59:23,193 - BasePage - INFO - 点击操作成功
2019-03-07 10:59:33,465 - phone - INFO - 关闭app
2019-03-07 10:59:34,562 - phone - INFO - 读取手机信息,手机型:Android
2019-03-07 10:59:34,564 - phone - INFO - 找到模拟机:127.0.0.1:62001
2019-03-07 10:59:34,565 - phone - INFO - 找到模拟机版本:6.2.7.0
2019-03-07 10:59:59,584 - BasePage - INFO - 成功找到元素
2019-03-07 11:00:02,326 - BasePage - INFO - 点击操作成功
2019-03-07 11:00:02,403 - BasePage - INFO - 成功找到元素
2019-03-07 11:00:07,459 - BasePage - INFO - 输入信息成功
2019-03-07 11:00:09,143 - BasePage - INFO - 成功找到元素
2019-03-07 11:00:09,186 - BasePage - INFO - 获取内容成功
2019-03-07 11:00:11,299 - phone - INFO - 关闭app
2019-03-07 11:00:12,462 - phone - INFO - 读取手机信息,手机型:Android
2019-03-07 11:00:12,473 - phone - INFO - 找到模拟机:127.0.0.1:62001
2019-03-07 11:00:12,473 - phone - INFO - 找到模拟机版本:6.2.7.0
2019-03-07 11:00:35,459 - BasePage - INFO - 成功找到元素
2019-03-07 11:00:37,660 - BasePage - INFO - 长按
2019-03-07 11:00:37,721 - BasePage - INFO - 成功找到元素
2019-03-07 11:00:38,268 - BasePage - INFO - 点击操作成功
2019-03-07 11:00:39,838 - BasePage - INFO - Had take screenshot and save to folder：/screenshots
2019-03-07 11:00:39,840 - BasePage - INFO - 截图成功。
2019-03-07 11:00:39,938 - BasePage - INFO - 成功找到元素
2019-03-07 11:00:41,097 - BasePage - INFO - 向下拖拽成功
2019-03-07 11:00:41,101 - phone - INFO - 关闭app
2019-03-07 11:00:42,707 - phone - INFO - 读取手机信息,手机型:Android
2019-03-07 11:00:42,712 - phone - INFO - 找到模拟机:127.0.0.1:62001
2019-03-07 11:00:42,715 - phone - INFO - 找到模拟机版本:6.2.7.0
2019-03-07 11:01:03,613 - BasePage - INFO - 成功找到元素
2019-03-07 11:01:05,806 - BasePage - INFO - 长按
2019-03-07 11:01:05,865 - BasePage - INFO - 成功找到元素
2019-03-07 11:01:06,221 - BasePage - INFO - 点击操作成功
2019-03-07 11:01:07,933 - BasePage - INFO - 成功找到元素
2019-03-07 11:01:08,199 - BasePage - INFO - 点击操作成功
2019-03-07 11:01:09,831 - BasePage - INFO - 成功找到元素
2019-03-07 11:01:10,103 - BasePage - INFO - 点击操作成功
2019-03-07 11:01:11,750 - BasePage - INFO - 成功找到元素
2019-03-07 11:01:12,409 - BasePage - INFO - 向左拖拽成功
2019-03-07 11:01:12,628 - BasePage - INFO - 成功找到元素
2019-03-07 11:01:12,854 - BasePage - INFO - 点击操作成功
2019-03-07 11:01:13,910 - BasePage - INFO - 成功找到元素
2019-03-07 11:01:14,246 - BasePage - INFO - 点击操作成功
2019-03-07 11:01:14,247 - phone - INFO - 关闭app
2019-03-07 11:01:15,454 - phone - INFO - 读取手机信息,手机型:Android
2019-03-07 11:01:15,455 - phone - INFO - 找到模拟机:127.0.0.1:62001
2019-03-07 11:01:15,457 - phone - INFO - 找到模拟机版本:6.2.7.0
2019-03-07 11:01:35,595 - BasePage - INFO - 成功找到元素
2019-03-07 11:01:37,930 - BasePage - INFO - 长按
2019-03-07 11:01:38,062 - BasePage - INFO - 成功找到元素
2019-03-07 11:01:38,628 - BasePage - INFO - 点击操作成功
2019-03-07 11:01:40,016 - BasePage - INFO - 成功找到元素
2019-03-07 11:01:40,340 - BasePage - INFO - 点击操作成功
2019-03-07 11:01:41,611 - BasePage - INFO - 成功找到元素
2019-03-07 11:01:41,958 - BasePage - INFO - 点击操作成功
2019-03-07 11:01:44,011 - BasePage - INFO - 成功找到元素
2019-03-07 11:01:44,432 - BasePage - INFO - 点击操作成功
2019-03-07 11:01:45,464 - BasePage - INFO - 成功找到元素
2019-03-07 11:01:45,972 - BasePage - INFO - 点击操作成功
2019-03-07 11:01:46,522 - BasePage - INFO - 成功找到元素
2019-03-07 11:01:46,849 - BasePage - INFO - 点击操作成功
2019-03-07 11:01:48,157 - BasePage - INFO - 成功找到元素
2019-03-07 11:01:48,413 - BasePage - INFO - 点击操作成功
2019-03-07 11:01:49,952 - BasePage - INFO - 成功找到元素
2019-03-07 11:01:50,602 - BasePage - INFO - 点击操作成功
2019-03-07 11:02:00,927 - phone - INFO - 关闭app
