2019-03-05 16:56:02,612 - phone - INFO - 读取手机信息成功,手机型号为:Android
2019-03-05 16:56:02,623 - phone - INFO - 找到对应模拟机:127.0.0.1:62001
2019-03-05 16:56:02,623 - phone - INFO - 找到对应模拟机版本:6.2.7.1
2019-03-05 16:56:31,075 - BasePage - INFO - 成功找到元素
2019-03-05 16:56:31,386 - BasePage - INFO - 这里是成功的点击操作
2019-03-05 16:56:32,933 - BasePage - INFO - 成功找到元素
2019-03-05 16:56:33,580 - BasePage - INFO - 这里是成功的点击操作
2019-03-05 16:56:34,903 - BasePage - INFO - 成功找到元素
2019-03-05 16:56:38,247 - BasePage - INFO - 这里清除了一个搜索框
2019-03-05 16:56:38,396 - BasePage - INFO - 成功找到元素
2019-03-05 16:56:43,218 - BasePage - INFO - 输入信息成功
2019-03-05 16:56:43,879 - BasePage - INFO - 成功找到元素
2019-03-05 16:56:48,736 - BasePage - INFO - 输入信息成功
2019-03-05 16:56:49,283 - BasePage - INFO - 成功找到元素
2019-03-05 16:56:49,661 - BasePage - INFO - 这里是成功的点击操作
2019-03-05 16:56:52,221 - BasePage - INFO - 成功找到元素
2019-03-05 16:56:52,665 - BasePage - INFO - 这里是成功的点击操作
2019-03-05 16:56:53,839 - BasePage - INFO - 成功找到元素
2019-03-05 16:56:54,757 - BasePage - INFO - 这里是成功的点击操作
2019-03-05 16:56:56,268 - BasePage - INFO - 成功找到元素
2019-03-05 16:56:57,142 - BasePage - INFO - 这里是成功的点击操作
2019-03-05 16:56:59,279 - BasePage - INFO - 成功找到元素
2019-03-05 16:56:59,624 - BasePage - INFO - 这里是成功的点击操作
2019-03-05 16:57:01,048 - BasePage - INFO - 成功找到元素
2019-03-05 16:57:01,793 - BasePage - INFO - 这里是成功的点击操作
2019-03-05 16:57:03,140 - BasePage - INFO - 成功找到元素
2019-03-05 16:57:06,455 - BasePage - INFO - 这里清除了一个搜索框
2019-03-05 16:57:06,518 - BasePage - INFO - 成功找到元素
2019-03-05 16:57:11,581 - BasePage - INFO - 输入信息成功
2019-03-05 16:57:12,145 - BasePage - INFO - 成功找到元素
2019-03-05 16:57:16,901 - BasePage - INFO - 输入信息成功
2019-03-05 16:57:17,472 - BasePage - INFO - 成功找到元素
2019-03-05 16:57:17,808 - BasePage - INFO - 这里是成功的点击操作
